0 silly argv {
0 silly argv   _: [ 'version' ],
0 silly argv   'force-publish': true,
0 silly argv   forcePublish: true,
0 silly argv   lernaVersion: '7.4.1',
0 silly argv   '$0': 'node_modules\\lerna\\dist\\cli.js'
0 silly argv }
1 notice cli v7.4.1
2 verbose packageConfigs Explicit "packages" configuration found in lerna.json. Resolving packages using the configured glob(s): ["packages/*"]
3 verbose rootPath C:\Users\madri\Documents\pwr\pwrjs
4 info current version 0.11.4-alpha.0
5 silly isAnythingCommitted
6 verbose isAnythingCommitted 1
7 silly getCurrentBranch
8 verbose currentBranch main
9 silly remoteBranchExists
10 silly isBehindUpstream
11 silly isBehindUpstream main is behind origin/main by 0 commit(s) and ahead by 0
12 silly hasTags
13 verbose hasTags true
14 silly git-describe.sync "v0.11.4-alpha.0-0-g84a0d45-dirty" => {"lastTagName":"v0.11.4-alpha.0","lastVersion":"v0.11.4-alpha.0","refCount":"0","sha":"84a0d45","isDirty":true}
15 warn force-publish all packages
16 info Assuming all packages changed
17 verbose updated @pwrjs/browser
18 verbose updated @pwrjs/browser-dev
19 verbose updated @pwrjs/browser-legacy
20 verbose updated @pwrjs/core
21 verbose updated @pwrjs/core-dev
22 verbose updated @pwrjs/node
23 verbose updated @pwrjs/node-dev
24 info execute Skipping releases
25 silly lifecycle No script for "preversion" in "pwrlabs-sdk", continuing
26 silly lifecycle No script for "preversion" in "@pwrjs/browser-legacy", continuing
27 silly lifecycle No script for "preversion" in "@pwrjs/core", continuing
28 silly lifecycle No script for "preversion" in "@pwrjs/core-dev", continuing
29 verbose version @pwrjs/browser-legacy has no lockfile. Skipping lockfile update.
30 verbose version @pwrjs/core has no lockfile. Skipping lockfile update.
31 silly lifecycle No script for "version" in "@pwrjs/core-dev", continuing
32 silly lifecycle No script for "version" in "@pwrjs/core", continuing
33 silly lifecycle No script for "preversion" in "@pwrjs/browser", continuing
34 silly lifecycle No script for "preversion" in "@pwrjs/browser-dev", continuing
35 silly lifecycle No script for "preversion" in "@pwrjs/node", continuing
36 silly lifecycle No script for "preversion" in "@pwrjs/node-dev", continuing
37 silly lifecycle No script for "version" in "@pwrjs/browser-legacy", continuing
38 verbose version @pwrjs/browser-dev has no lockfile. Skipping lockfile update.
39 verbose version @pwrjs/browser has no lockfile. Skipping lockfile update.
40 verbose version @pwrjs/node has no lockfile. Skipping lockfile update.
41 verbose version @pwrjs/node-dev has no lockfile. Skipping lockfile update.
42 silly lifecycle No script for "version" in "@pwrjs/browser", continuing
43 silly lifecycle No script for "version" in "@pwrjs/browser-dev", continuing
44 silly lifecycle No script for "version" in "@pwrjs/node-dev", continuing
45 silly lifecycle No script for "version" in "@pwrjs/node", continuing
46 silly lifecycle No script for "version" in "pwrlabs-sdk", continuing
47 verbose version Updating root package-lock.json
48 silly gitAdd [
48 silly gitAdd   'packages/core-dev/package.json',
48 silly gitAdd   'packages/core-dev/package-lock.json',
48 silly gitAdd   'packages/core/package.json',
48 silly gitAdd   'packages/browser-legacy/package.json',
48 silly gitAdd   'packages/browser/package.json',
48 silly gitAdd   'packages/browser-dev/package.json',
48 silly gitAdd   'packages/node-dev/package.json',
48 silly gitAdd   'packages/node/package.json',
48 silly gitAdd   'lerna.json',
48 silly gitAdd   'package-lock.json'
48 silly gitAdd ]
49 silly gitCommit v0.11.5-alpha.0
50 verbose git [ 'commit', '-m', 'v0.11.5-alpha.0' ]
51 silly gitTag v0.11.5-alpha.0 git tag %s -m %s
52 verbose git [ 'tag', 'v0.11.5-alpha.0', '-m', 'v0.11.5-alpha.0' ]
53 silly lifecycle No script for "postversion" in "@pwrjs/browser", continuing
54 silly lifecycle No script for "postversion" in "@pwrjs/browser-dev", continuing
55 silly lifecycle No script for "postversion" in "@pwrjs/browser-legacy", continuing
56 silly lifecycle No script for "postversion" in "@pwrjs/core", continuing
57 silly lifecycle No script for "postversion" in "@pwrjs/core-dev", continuing
58 silly lifecycle No script for "postversion" in "@pwrjs/node", continuing
59 silly lifecycle No script for "postversion" in "@pwrjs/node-dev", continuing
60 silly lifecycle No script for "postversion" in "pwrlabs-sdk", continuing
61 info git Pushing tags...
62 silly gitPush origin main
63 warn gitPush error: atomic push failed for ref refs/heads/main. status: 5
63 warn gitPush fatal: protocol error: bad line length character: erro
63 warn gitPush To https://github.com/pwrlabs/pwrjs.git
63 warn gitPush  ! [rejected]        main -> main (fetch first)
63 warn gitPush error: failed to push some refs to 'https://github.com/pwrlabs/pwrjs.git'
63 warn gitPush hint: Updates were rejected because the remote contains work that you do not
63 warn gitPush hint: have locally. This is usually caused by another repository pushing to
63 warn gitPush hint: the same ref. If you want to integrate the remote changes, use
63 warn gitPush hint: 'git pull' before pushing again.
63 warn gitPush hint: See the 'Note about fast-forwards' in 'git push --help' for details.
64 info gitPush --atomic failed, attempting non-atomic push
65 error Error: Command failed with exit code 1: git push --follow-tags --no-verify origin main
65 error To https://github.com/pwrlabs/pwrjs.git
65 error  * [new tag]         v0.11.5-alpha.0 -> v0.11.5-alpha.0
65 error  ! [rejected]        main -> main (fetch first)
65 error error: failed to push some refs to 'https://github.com/pwrlabs/pwrjs.git'
65 error hint: Updates were rejected because the remote contains work that you do not
65 error hint: have locally. This is usually caused by another repository pushing to
65 error hint: the same ref. If you want to integrate the remote changes, use
65 error hint: 'git pull' before pushing again.
65 error hint: See the 'Note about fast-forwards' in 'git push --help' for details.
65 error     at makeError (C:\Users\madri\Documents\pwr\pwrjs\node_modules\execa\lib\error.js:59:11)
65 error     at handlePromise (C:\Users\madri\Documents\pwr\pwrjs\node_modules\execa\index.js:114:26)
